Start testing: Feb 05 16:14 JST
----------------------------------------------------------
1/1 Testing: Test
1/1 Test: Test
Command: "/mnt/d/Local_Lab/leetcode/array/build/Array"
Directory: /mnt/d/Local_Lab/leetcode/array/build
"Test" start time: Feb 05 16:14 JST
Output:
----------------------------------------------------------
[==========] Running 3 tests from 2 test suites.
[----------] Global test environment set-up.
[----------] 2 tests from SumupTest
[ RUN      ] SumupTest.basicfun1
[       OK ] SumupTest.basicfun1 (0 ms)
[ RUN      ] SumupTest.basicfun2
/mnt/d/Local_Lab/leetcode/array/sumup.cpp:62: Failure
Expected equality of these values:
  res[1]
    Which is: 1
  3
[  FAILED  ] SumupTest.basicfun2 (0 ms)
[----------] 2 tests from SumupTest (0 ms total)

[----------] 1 test from Empty
[ RUN      ] Empty.empty1
[       OK ] Empty.empty1 (0 ms)
[----------] 1 test from Empty (0 ms total)

[----------] Global test environment tear-down
[==========] 3 tests from 2 test suites ran. (0 ms total)
[  PASSED  ] 2 tests.
[  FAILED  ] 1 test, listed below:
[  FAILED  ] SumupTest.basicfun2

 1 FAILED TEST
<end of output>
Test time =   0.01 sec
----------------------------------------------------------
Test Failed.
"Test" end time: Feb 05 16:14 JST
"Test" time elapsed: 00:00:00
----------------------------------------------------------

End testing: Feb 05 16:14 JST
